  AutoPickup.cpp
Z:\Godot\godot-cpp\include\gen\Reference.hpp(8,10): fatal error C1083: Cannot open include file: 'core/CoreTypes.hpp': No such file or directory
  Bat.cpp
Z:\Godot\godot-cpp\include\gen\Reference.hpp(8,10): fatal error C1083: Cannot open include file: 'core/CoreTypes.hpp': No such file or directory
  BloodSpurt.cpp
Z:\Godot\godot-cpp\include\gen\Reference.hpp(8,10): fatal error C1083: Cannot open include file: 'core/CoreTypes.hpp': No such file or directory
  Body.cpp
Z:\Godot\godot-cpp\include\gen\Reference.hpp(8,10): fatal error C1083: Cannot open include file: 'core/CoreTypes.hpp': No such file or directory
  Bomb.cpp
Z:\Godot\godot-cpp\include\gen\Reference.hpp(8,10): fatal error C1083: Cannot open include file: 'core/CoreTypes.hpp': No such file or directory
  Bullet.cpp
Z:\Godot\godot-cpp\include\gen\Reference.hpp(8,10): fatal error C1083: Cannot open include file: 'core/CoreTypes.hpp': No such file or directory
  DoorOpener.cpp
Z:\Godot\godot-cpp\include\gen\Reference.hpp(8,10): fatal error C1083: Cannot open include file: 'core/CoreTypes.hpp': No such file or directory
  Godolmec.cpp
Z:\Godot\godot-cpp\include\gen\Reference.hpp(8,10): fatal error C1083: Cannot open include file: 'core/CoreTypes.hpp': No such file or directory
  Level.cpp
Z:\Godot\godot-cpp\include\gen\Reference.hpp(8,10): fatal error C1083: Cannot open include file: 'core/CoreTypes.hpp': No such file or directory
  ObjectMaker.cpp
Z:\Godot\godot-cpp\include\gen\Reference.hpp(8,10): fatal error C1083: Cannot open include file: 'core/CoreTypes.hpp': No such file or directory
  PrizeBox.cpp
Z:\Godot\godot-cpp\include\gen\Reference.hpp(8,10): fatal error C1083: Cannot open include file: 'core/CoreTypes.hpp': No such file or directory
  Rock.cpp
Z:\Godot\godot-cpp\include\gen\Reference.hpp(8,10): fatal error C1083: Cannot open include file: 'core/CoreTypes.hpp': No such file or directory
  Rope.cpp
Z:\Godot\godot-cpp\include\gen\Reference.hpp(8,10): fatal error C1083: Cannot open include file: 'core/CoreTypes.hpp': No such file or directory
  Shotgun.cpp
Z:\Godot\godot-cpp\include\gen\Reference.hpp(8,10): fatal error C1083: Cannot open include file: 'core/CoreTypes.hpp': No such file or directory
  Snake.cpp
Z:\Godot\godot-cpp\include\gen\Node2D.hpp(8,10): fatal error C1083: Cannot open include file: 'core/CoreTypes.hpp': No such file or directory
  Spelunker.cpp
Z:\Godot\godot-cpp\include\gen\Reference.hpp(8,10): fatal error C1083: Cannot open include file: 'core/CoreTypes.hpp': No such file or directory
  SpelunkyNativeLib.cpp
Z:\Godot\godot-cpp\include\gen\Reference.hpp(8,10): fatal error C1083: Cannot open include file: 'core/CoreTypes.hpp': No such file or directory
  Spider.cpp
Z:\Godot\godot-cpp\include\gen\Reference.hpp(8,10): fatal error C1083: Cannot open include file: 'core/CoreTypes.hpp': No such file or directory
  Generating Code...
